  ComputerManage.cpp
F:\lesson\实验\数据结构实验\综合\机房机位预定系统\ComputerManage.cpp(36,20): warning C4244:  “=”: 从“double”转换到“int”，可能丢失数据
F:\lesson\实验\数据结构实验\综合\机房机位预定系统\ComputerManage.cpp(274,7): warning C4101:  “week”: 未引用的局部变量
F:\lesson\实验\数据结构实验\综合\机房机位预定系统\ComputerManage.cpp(270,6): warning C4101:  “size”: 未引用的局部变量
F:\lesson\实验\数据结构实验\综合\机房机位预定系统\ComputerManage.cpp(303,12): warning C4244:  “参数”: 从“time_t”转换到“unsigned int”，可能丢失数据
F:\lesson\实验\数据结构实验\综合\机房机位预定系统\ComputerManage.cpp(302,6): warning C4101:  “computerNumber”: 未引用的局部变量
F:\lesson\实验\数据结构实验\综合\机房机位预定系统\ComputerManage.cpp(370,137): warning C4267:  “=”: 从“size_t”转换到“int”，可能丢失数据
F:\lesson\实验\数据结构实验\综合\机房机位预定系统\ComputerManage.cpp(386,138): warning C4267:  “=”: 从“size_t”转换到“int”，可能丢失数据
F:\lesson\实验\数据结构实验\综合\机房机位预定系统\ComputerManage.cpp(393,64): warning C4267:  “=”: 从“size_t”转换到“int”，可能丢失数据
F:\lesson\实验\数据结构实验\综合\机房机位预定系统\ComputerManage.cpp(569,12): warning C4244:  “参数”: 从“time_t”转换到“unsigned int”，可能丢失数据
F:\lesson\实验\数据结构实验\综合\机房机位预定系统\ComputerManage.cpp(759,29): warning C4267:  “=”: 从“size_t”转换到“int”，可能丢失数据
F:\lesson\实验\数据结构实验\综合\机房机位预定系统\ComputerManage.cpp(809,25): warning C4267:  “=”: 从“size_t”转换到“int”，可能丢失数据
F:\lesson\实验\数据结构实验\综合\机房机位预定系统\ComputerManage.cpp(854,23): warning C4267:  “=”: 从“size_t”转换到“int”，可能丢失数据
F:\lesson\实验\数据结构实验\综合\机房机位预定系统\ComputerManage.cpp(862,24): warning C4267:  “=”: 从“size_t”转换到“int”，可能丢失数据
F:\lesson\实验\数据结构实验\综合\机房机位预定系统\ComputerManage.cpp(872,25): warning C4267:  “=”: 从“size_t”转换到“int”，可能丢失数据
F:\lesson\实验\数据结构实验\综合\机房机位预定系统\ComputerManage.cpp(791,6): warning C4101:  “number”: 未引用的局部变量
F:\lesson\实验\数据结构实验\综合\机房机位预定系统\ComputerManage.cpp(794,5): warning C4101:  “OSName”: 未引用的局部变量
  正在生成代码
  3 of 485 functions ( 0.6%) were compiled, the rest were copied from previous compilation.
    0 functions were new in current compilation
    1 functions had inline decision re-evaluated but remain unchanged
  已完成代码的生成
  机房机位预定系统.vcxproj -> F:\lesson\实验\数据结构实验\综合\机房机位预定系统\x64\Release\机房机位预定系统.exe
